[debug] [2018-01-02T14:21:18.043Z] ----------------------------------------------------------------------
[debug] [2018-01-02T14:21:18.045Z] Command:       /usr/local/Cellar/node/9.3.0_1/bin/node /usr/local/bin/firebase deploy
[debug] [2018-01-02T14:21:18.046Z] CLI Version:   3.16.0
[debug] [2018-01-02T14:21:18.046Z] Platform:      darwin
[debug] [2018-01-02T14:21:18.046Z] Node Version:  v9.3.0
[debug] [2018-01-02T14:21:18.046Z] Time:          Tue Jan 02 2018 21:21:18 GMT+0700 (+07)
[debug] [2018-01-02T14:21:18.046Z] ----------------------------------------------------------------------
[debug] 
[debug] [2018-01-02T14:21:18.061Z] > command requires scopes: ["email","openid","https://www.googleapis.com/auth/cloudplatformprojects.readonly","https://www.googleapis.com/auth/firebase","https://www.googleapis.com/auth/cloud-platform"]
[debug] [2018-01-02T14:21:18.061Z] > authorizing via signed-in user
[debug] [2018-01-02T14:21:18.063Z] > refreshing access token with scopes: ["email","https://www.googleapis.com/auth/cloud-platform","https://www.googleapis.com/auth/cloudplatformprojects.readonly","https://www.googleapis.com/auth/firebase","openid"]
[debug] [2018-01-02T14:21:18.063Z] >>> HTTP REQUEST POST https://www.googleapis.com/oauth2/v3/token  
 { refresh_token: '1/vn-P9wl3HXIOOmdX1rSQqJYt2MzkIEd8JugFrh517jw',
  client_id: '563584335869-fgrhgmd47bqnekij5i8b5pr03ho849e6.apps.googleusercontent.com',
  client_secret: 'j9iVZfS8kkCEFUPaAeJV0sAi',
  grant_type: 'refresh_token',
  scope: 'email https://www.googleapis.com/auth/cloud-platform https://www.googleapis.com/auth/cloudplatformprojects.readonly https://www.googleapis.com/auth/firebase openid' } 
 Tue Jan 02 2018 21:21:18 GMT+0700 (+07)
[debug] [2018-01-02T14:21:18.280Z] <<< HTTP RESPONSE 200
[debug] [2018-01-02T14:21:18.294Z] >>> HTTP REQUEST GET https://admin.firebase.com/v1/projects/noobdevth  
  
 Tue Jan 02 2018 21:21:18 GMT+0700 (+07)
[debug] [2018-01-02T14:21:19.345Z] <<< HTTP RESPONSE 200
[debug] [2018-01-02T14:21:19.346Z] >>> HTTP REQUEST GET https://admin.firebase.com/v1/database/noobdevth/tokens  
  
 Tue Jan 02 2018 21:21:19 GMT+0700 (+07)
[debug] [2018-01-02T14:21:20.315Z] <<< HTTP RESPONSE 200
[info] 
[info] === Deploying to 'noobdevth'...
[info] 
[info] i  deploying functions, hosting
[debug] [2018-01-02T14:21:22.058Z] > [functions] package.json contents: {
  "name": "functions",
  "description": "Cloud Functions for Firebase",
  "scripts": {
    "prepare": "babel ./*.mjs --retain-lines -d ./"
  },
  "dependencies": {
    "babel-runtime": "^6.26.0",
    "firebase-admin": "~5.4.2",
    "firebase-functions": "^0.7.5",
    "github": "^13.0.1"
  },
  "private": true,
  "devDependencies": {
    "babel-cli": "^6.26.0",
    "babel-plugin-transform-object-rest-spread": "^6.26.0",
    "babel-plugin-transform-runtime": "^6.23.0",
    "babel-preset-env": "^1.6.1"
  }
}
[info] i  functions: ensuring necessary APIs are enabled...
[debug] [2018-01-02T14:21:22.059Z] >>> HTTP REQUEST GET https://servicemanagement.googleapis.com/v1/services/cloudfunctions.googleapis.com/projectSettings/noobdevth?view=CONSUMER_VIEW  
  
 Tue Jan 02 2018 21:21:22 GMT+0700 (+07)
[debug] [2018-01-02T14:21:22.060Z] >>> HTTP REQUEST GET https://servicemanagement.googleapis.com/v1/services/runtimeconfig.googleapis.com/projectSettings/noobdevth?view=CONSUMER_VIEW  
  
 Tue Jan 02 2018 21:21:22 GMT+0700 (+07)
[debug] [2018-01-02T14:21:23.691Z] <<< HTTP RESPONSE 200
[debug] [2018-01-02T14:21:23.732Z] <<< HTTP RESPONSE 200
[info] ✔  functions: all necessary APIs are enabled
[debug] [2018-01-02T14:21:23.733Z] >>> HTTP REQUEST GET https://appengine.googleapis.com/v1/apps/noobdevth  
  
 Tue Jan 02 2018 21:21:23 GMT+0700 (+07)
[debug] [2018-01-02T14:21:23.734Z] >>> HTTP REQUEST GET https://apikeys.googleapis.com/v1/projects/noobdevth/apiKeys  
  
 Tue Jan 02 2018 21:21:23 GMT+0700 (+07)
[debug] [2018-01-02T14:21:25.144Z] <<< HTTP RESPONSE 200
[debug] [2018-01-02T14:21:25.226Z] <<< HTTP RESPONSE 200
